<?xml version="1.0" encoding="UTF-8"?>
<!-- Generated by org.testng.reporters.JUnitReportReporter -->
<testsuite hostname="sonali" failures="0" tests="1" name="TestNgTestClassPackage.Validate_testcases_CoverFox2_for_PincodeField" time="3.469" errors="0" timestamp="2024-01-07T16:12:05 IST" skipped="0">
  <testcase classname="TestNgTestClassPackage.Validate_testcases_CoverFox2_for_PincodeField" name="ValidatePincode" time="3.469">
    <system-out>
      <![CDATA[test case ValidatePincode  is running 
Test Case Passed
test case ValidatePincode passed Successfully]]>
    </system-out>
  </testcase> <!-- ValidatePincode -->
  <system-out>
    <![CDATA[Launching Browser
Launching Browser
On home Page
On Health Page
On members details Page
Test Case passed
test case ValidatePincode  is running 
Test Case Passed
test case ValidatePincode passed Successfully
closing Browser
Launching Browser
On home Page
On Health Page
On members details Page
test case validateResultNumber  is running 
On Result Page
text Result :49
Check Banners Count 
text Result :49
Test case passed
test case validateResultNumber passed Successfully
closing Browser]]>
  </system-out>
</testsuite> <!-- TestNgTestClassPackage.Validate_testcases_CoverFox2_for_PincodeField -->
