<?xml version="1.0" encoding="UTF-8"?>
<!-- Generated by org.testng.reporters.JUnitReportReporter -->
<testsuite hostname="sonali" failures="0" tests="1" name="TestNgTestClassPackage.Validate_testcases_CoverFox2_for_PincodeField" time="3.086" errors="0" timestamp="2024-01-17T19:28:00 IST" skipped="0">
  <testcase classname="TestNgTestClassPackage.Validate_testcases_CoverFox2_for_PincodeField" name="ValidatePincode" time="3.086">
    <system-out>
      <![CDATA[Test Case Passed]]>
    </system-out>
  </testcase> <!-- ValidatePincode -->
  <system-out>
    <![CDATA[Launching Browser
Launching Browser
On home Page
On Health Page
On members details Page
Test Case passed
Test Case Passed
closing Browser]]>
  </system-out>
</testsuite> <!-- TestNgTestClassPackage.Validate_testcases_CoverFox2_for_PincodeField -->
